c:\users\brnnd\onedrive\desktop\openpit3d\build\openpit3d.dir\debug\vc143.pdb
c:\users\brnnd\onedrive\desktop\openpit3d\build\openpit3d.dir\debug\ui.obj
c:\users\brnnd\onedrive\desktop\openpit3d\build\openpit3d.dir\debug\shader.obj
c:\users\brnnd\onedrive\desktop\openpit3d\build\openpit3d.dir\debug\renderer.obj
c:\users\brnnd\onedrive\desktop\openpit3d\build\openpit3d.dir\debug\pitgenerator.obj
c:\users\brnnd\onedrive\desktop\openpit3d\build\openpit3d.dir\debug\meshmodel.obj
c:\users\brnnd\onedrive\desktop\openpit3d\build\openpit3d.dir\debug\drillholedatabase.obj
c:\users\brnnd\onedrive\desktop\openpit3d\build\openpit3d.dir\debug\camera.obj
c:\users\brnnd\onedrive\desktop\openpit3d\build\openpit3d.dir\debug\blockmodel.obj
c:\users\brnnd\onedrive\desktop\openpit3d\build\openpit3d.dir\debug\main.obj
c:\users\brnnd\onedrive\desktop\openpit3d\build\openpit3d.dir\debug\lgoptimizer.obj
c:\users\brnnd\onedrive\desktop\openpit3d\build\openpit3d.dir\debug\scenecontroller.obj
c:\users\brnnd\onedrive\desktop\openpit3d\build\cmakefiles\generate.stamp
c:\users\brnnd\onedrive\desktop\openpit3d\build\debug\openpit3d.exe
c:\users\brnnd\onedrive\desktop\openpit3d\build\debug\openpit3d.pdb
c:\users\brnnd\onedrive\desktop\openpit3d\build\openpit3d.dir\debug\openpit3d.ilk
c:\users\brnnd\onedrive\desktop\openpit3d\build\openpit3d.dir\debug\openpit3d.tlog\cl.command.1.tlog
c:\users\brnnd\onedrive\desktop\openpit3d\build\openpit3d.dir\debug\openpit3d.tlog\cl.items.tlog
c:\users\brnnd\onedrive\desktop\openpit3d\build\openpit3d.dir\debug\openpit3d.tlog\cl.read.1.tlog
c:\users\brnnd\onedrive\desktop\openpit3d\build\openpit3d.dir\debug\openpit3d.tlog\cl.write.1.tlog
c:\users\brnnd\onedrive\desktop\openpit3d\build\openpit3d.dir\debug\openpit3d.tlog\custombuild.command.1.tlog
c:\users\brnnd\onedrive\desktop\openpit3d\build\openpit3d.dir\debug\openpit3d.tlog\custombuild.read.1.tlog
c:\users\brnnd\onedrive\desktop\openpit3d\build\openpit3d.dir\debug\openpit3d.tlog\custombuild.write.1.tlog
c:\users\brnnd\onedrive\desktop\openpit3d\build\openpit3d.dir\debug\openpit3d.tlog\link.command.1.tlog
c:\users\brnnd\onedrive\desktop\openpit3d\build\openpit3d.dir\debug\openpit3d.tlog\link.read.1.tlog
c:\users\brnnd\onedrive\desktop\openpit3d\build\openpit3d.dir\debug\openpit3d.tlog\link.secondary.1.tlog
c:\users\brnnd\onedrive\desktop\openpit3d\build\openpit3d.dir\debug\openpit3d.tlog\link.write.1.tlog
